<?xml version="1.0" encoding="UTF-8"?>
<testng-results ignored="0" total="1" passed="1" failed="0" skipped="0">
  <reporter-output>
  </reporter-output>
  <suite started-at="2025-09-14T10:59:10 BDT" name="Surefire suite" finished-at="2025-09-14T10:59:40 BDT" duration-ms="29442">
    <groups>
      <group name="cucumber">
        <method signature="AbstractTestNGCucumberTests.runScenario(io.cucumber.testng.PickleWrapper,io.cucumber.testng.FeatureWrapper)[pri:0, instance:TestRunner.TestRunner@5be6e01c]" name="runScenario" class="io.cucumber.testng.AbstractTestNGCucumberTests"/>
      </group> <!-- cucumber -->
    </groups>
    <test started-at="2025-09-14T10:59:10 BDT" name="Surefire test" finished-at="2025-09-14T10:59:40 BDT" duration-ms="29442">
      <class name="TestRunner.TestRunner">
        <test-method is-config="true" signature="setUpClass(org.testng.ITestContext)[pri:0, instance:TestRunner.TestRunner@5be6e01c]" started-at="2025-09-14T10:59:10 BDT" name="setUpClass" finished-at="2025-09-14T10:59:11 BDT" duration-ms="253" status="PASS">
          <params>
            <param index="0">
              <value>
                <![CDATA[org.testng.TestRunner@ca546a1]]>
              </value>
            </param>
          </params>
          <reporter-output>
          </reporter-output>
        </test-method> <!-- setUpClass -->
        <test-method signature="runScenario(io.cucumber.testng.PickleWrapper,io.cucumber.testng.FeatureWrapper)[pri:0, instance:TestRunner.TestRunner@5be6e01c]" started-at="2025-09-14T10:59:11 BDT" name="runScenario" description="Runs Cucumber Scenarios" data-provider="scenarios" finished-at="2025-09-14T10:59:39 BDT" duration-ms="28226" status="PASS">
          <params>
            <param index="0">
              <value>
                <![CDATA["Verify that the Computers section is displayed properly"]]>
              </value>
            </param>
            <param index="1">
              <value>
                <![CDATA["Optional[Verify Pickaboo Computers Section work properly]"]]>
              </value>
            </param>
          </params>
          <reporter-output>
          </reporter-output>
        </test-method> <!-- runScenario -->
        <test-method is-config="true" signature="tearDownClass()[pri:0, instance:TestRunner.TestRunner@5be6e01c]" started-at="2025-09-14T10:59:39 BDT" name="tearDownClass" finished-at="2025-09-14T10:59:40 BDT" duration-ms="937" status="PASS">
          <reporter-output>
          </reporter-output>
        </test-method> <!-- tearDownClass -->
      </class> <!-- TestRunner.TestRunner -->
    </test> <!-- Surefire test -->
  </suite> <!-- Surefire suite -->
</testng-results>
